<?xml version="1.0" encoding="UTF-8"?>
<testsuite failures="1" skip="0" tests="1" name="Acceptance" errors="0">
<testcase classname="Acceptance.Test Case 1" name="TC_001 Browser Start and Close" time="10">
<failure message="Element locator 'id=username' did not match any elements." type="AssertionError"></failure>
</testcase>
</testsuite>
